<?xml version="1.0" encoding="UTF-8"?>
<!-- Generated by org.testng.reporters.JUnitReportReporter -->
<testsuite skipped="0" hostname="DESKTOP-A956FE6" name="org.test.Group3" tests="1" failures="0" timestamp="18 Mar 2023 09:27:43 GMT" time="0.001" errors="0">
  <testcase name="test31" time="0.001" classname="org.test.Group3"/>
</testsuite> <!-- org.test.Group3 -->
