<?xml version="1.0" encoding="UTF-8"?>
<!-- Generated by org.testng.reporters.JUnitReportReporter -->
<testsuite skipped="0" hostname="DESKTOP-A956FE6" name="org.test.Group" tests="2" failures="0" timestamp="18 Mar 2023 09:28:28 GMT" time="0.002" errors="0">
  <testcase name="test14" time="0.001" classname="org.test.Group"/>
  <testcase name="test11" time="0.001" classname="org.test.Group"/>
</testsuite> <!-- org.test.Group -->
