<?xml version="1.0" encoding="UTF-8"?>
<!-- Generated by org.testng.reporters.JUnitReportReporter -->
<testsuite skipped="0" hostname="DESKTOP-A956FE6" name="org.test3.TestNG" tests="1" failures="0" timestamp="14 Mar 2023 07:28:19 GMT" time="0.006" errors="0">
  <testcase name="test" time="0.006" classname="org.test3.TestNG"/>
</testsuite> <!-- org.test3.TestNG -->
