<?xml version="1.0" encoding="UTF-8"?>
<!-- Generated by org.testng.reporters.JUnitReportReporter -->
<testsuite skipped="0" hostname="DESKTOP-A956FE6" name="org.test3.TestPriority" tests="1" failures="0" timestamp="14 Mar 2023 11:02:53 GMT" time="0.020" errors="0">
  <testcase name="test4" time="0.020" classname="org.test3.TestPriority"/>
</testsuite> <!-- org.test3.TestPriority -->
