<?xml version="1.0" encoding="UTF-8"?>
<!-- Generated by org.testng.reporters.JUnitReportReporter -->
<testsuite skipped="0" hostname="DESKTOP-A956FE6" name="org.test3.Parameter" tests="1" failures="0" timestamp="15 Mar 2023 05:32:24 GMT" time="0.014" errors="0">
  <testcase name="test" time="0.014" classname="org.test3.Parameter"/>
</testsuite> <!-- org.test3.Parameter -->
