<?xml version="1.0" encoding="UTF-8"?>
<!-- Generated by org.testng.reporters.JUnitReportReporter -->
<testsuite skipped="0" hostname="DESKTOP-A956FE6" name="org.test3.SuiteLevelExecution1" tests="4" failures="0" timestamp="14 Mar 2023 11:05:03 GMT" time="0.021" errors="0">
  <testcase name="test11" time="0.014" classname="org.test3.SuiteLevelExecution1"/>
  <testcase name="test13" time="0.003" classname="org.test3.SuiteLevelExecution1"/>
  <testcase name="test12" time="0.003" classname="org.test3.SuiteLevelExecution1"/>
  <testcase name="test14" time="0.001" classname="org.test3.SuiteLevelExecution1"/>
</testsuite> <!-- org.test3.SuiteLevelExecution1 -->
