<?xml version="1.0" encoding="UTF-8"?>
<!-- Generated by org.testng.reporters.JUnitReportReporter -->
<testsuite skipped="0" hostname="DESKTOP-A956FE6" name="org.test3.AdactinParameter" tests="3" failures="0" timestamp="16 Mar 2023 05:39:26 GMT" time="21.056" errors="0">
  <testcase name="login" time="12.934" classname="org.test3.AdactinParameter"/>
  <testcase name="SearchHotel" time="1.767" classname="org.test3.AdactinParameter"/>
  <testcase name="bookHotel" time="6.355" classname="org.test3.AdactinParameter"/>
</testsuite> <!-- org.test3.AdactinParameter -->
