<?xml version="1.0" encoding="UTF-8"?>
<!-- Generated by org.testng.reporters.JUnitReportReporter -->
<testsuite skipped="0" hostname="DESKTOP-A956FE6" name="org.test.Group2" tests="2" failures="0" timestamp="18 Mar 2023 09:28:28 GMT" time="0.021" errors="0">
  <testcase name="test23" time="0.004" classname="org.test.Group2"/>
  <testcase name="test21" time="0.017" classname="org.test.Group2"/>
</testsuite> <!-- org.test.Group2 -->
