<?xml version="1.0" encoding="UTF-8"?>
<!-- Generated by org.testng.reporters.JUnitReportReporter -->
<testsuite skipped="0" hostname="DESKTOP-A956FE6" name="org.test3.Parameter1" tests="1" failures="0" timestamp="15 Mar 2023 05:36:37 GMT" time="6.114" errors="0">
  <testcase name="test" time="6.114" classname="org.test3.Parameter1"/>
</testsuite> <!-- org.test3.Parameter1 -->
