<?xml version="1.0" encoding="UTF-8"?>
<!-- Generated by org.testng.reporters.JUnitReportReporter -->
<testsuite skipped="0" hostname="DESKTOP-A956FE6" name="org.test3.SuiteLevelExecution" tests="4" failures="0" timestamp="14 Mar 2023 11:05:03 GMT" time="0.010" errors="0">
  <testcase name="test4" time="0.001" classname="org.test3.SuiteLevelExecution"/>
  <testcase name="test3" time="0.003" classname="org.test3.SuiteLevelExecution"/>
  <testcase name="test1" time="0.003" classname="org.test3.SuiteLevelExecution"/>
  <testcase name="test2" time="0.003" classname="org.test3.SuiteLevelExecution"/>
</testsuite> <!-- org.test3.SuiteLevelExecution -->
