<?xml version="1.0" encoding="UTF-8"?>
<!-- Generated by org.testng.reporters.JUnitReportReporter -->
<testsuite skipped="2" hostname="DESKTOP-A956FE6" name="org.test3.TestInvocation" tests="10" failures="0" timestamp="14 Mar 2023 07:35:26 GMT" time="0.024" errors="0">
  <testcase name="test2" time="0.012" classname="org.test3.TestInvocation"/>
  <testcase name="test2" time="0.001" classname="org.test3.TestInvocation"/>
  <testcase name="test2" time="0.001" classname="org.test3.TestInvocation"/>
  <testcase name="test2" time="0.001" classname="org.test3.TestInvocation"/>
  <testcase name="test2" time="0.001" classname="org.test3.TestInvocation"/>
  <testcase name="test1" time="0.005" classname="org.test3.TestInvocation"/>
  <testcase name="test5" time="0.002" classname="org.test3.TestInvocation"/>
  <testcase name="test4" time="0.001" classname="org.test3.TestInvocation"/>
  <testcase name="test3" classname="org.test3.TestInvocation">
    <skipped/>
  </testcase> <!-- test3 -->
  <testcase name="test6" classname="org.test3.TestInvocation">
    <skipped/>
  </testcase> <!-- test6 -->
</testsuite> <!-- org.test3.TestInvocation -->
